<?xml version="1.0" encoding="UTF-8"?>
<!-- Generated by org.testng.reporters.JUnitXMLReporter -->
<testsuite ignored="2" hostname="LAPTOP-VNBA3OG5" failures="0" tests="1" name="Default test" time="0.078" errors="0" timestamp="2021-09-27T22:58:19 CDT">
  <testcase classname="_LexicographicallySorted_package._LexicographicallySorted.LexicographicallySorted" name="testcase2" time="0.012"/>
  <testcase classname="_LexicographicallySorted_package._LexicographicallySorted.LexicographicallySorted" name="testcase1" time="0.0">
    <ignored/>
  </testcase> <!-- testcase1 -->
  <testcase classname="_LexicographicallySorted_package._LexicographicallySorted.LexicographicallySorted" name="testcase3" time="0.0">
    <ignored/>
  </testcase> <!-- testcase3 -->
</testsuite> <!-- Default test -->
