<?xml version="1.0" encoding="UTF-8"?>
<testng-results ignored="2" total="3" passed="1" failed="0" skipped="0">
  <reporter-output>
  </reporter-output>
  <suite started-at="2021-09-27T22:58:19 CDT" name="Default suite" finished-at="2021-09-27T22:58:19 CDT" duration-ms="78">
    <groups>
    </groups>
    <test started-at="2021-09-27T22:58:19 CDT" name="Default test" finished-at="2021-09-27T22:58:19 CDT" duration-ms="78">
      <class name="_LexicographicallySorted_package._LexicographicallySorted.LexicographicallySorted">
        <test-method signature="testcase2()[pri:0, instance:_LexicographicallySorted_package._LexicographicallySorted.LexicographicallySorted@72a7c7e0]" started-at="2021-09-27T22:58:19 CDT" name="testcase2" finished-at="2021-09-27T22:58:19 CDT" duration-ms="12" status="PASS">
          <reporter-output>
          </reporter-output>
        </test-method> <!-- testcase2 -->
      </class> <!-- _LexicographicallySorted_package._LexicographicallySorted.LexicographicallySorted -->
    </test> <!-- Default test -->
  </suite> <!-- Default suite -->
</testng-results>
